<?xml version="1.0" encoding="UTF-8"?>
<testng-results ignored="0" total="2" passed="2" failed="0" skipped="0">
  <reporter-output>
  </reporter-output>
  <suite started-at="2023-12-06T15:18:53 EET" name="Default suite" finished-at="2023-12-06T15:18:59 EET" duration-ms="6107">
    <groups>
    </groups>
    <test started-at="2023-12-06T15:18:53 EET" name="Default test" finished-at="2023-12-06T15:18:59 EET" duration-ms="6107">
      <class name="almosaferProject1.mosaferPro">
        <test-method is-config="true" signature="mySetUp()[pri:0, instance:almosaferProject1.mosaferPro@f0e995e]" started-at="2023-12-06T15:18:53 EET" name="mySetUp" finished-at="2023-12-06T15:18:57 EET" duration-ms="3912" status="PASS">
          <reporter-output>
          </reporter-output>
        </test-method> <!-- mySetUp -->
        <test-method signature="langugeTest()[pri:1, instance:almosaferProject1.mosaferPro@f0e995e]" started-at="2023-12-06T15:18:57 EET" name="langugeTest" finished-at="2023-12-06T15:18:59 EET" duration-ms="2096" status="PASS">
          <reporter-output>
          </reporter-output>
        </test-method> <!-- langugeTest -->
        <test-method signature="checkCurunty()[pri:2, instance:almosaferProject1.mosaferPro@f0e995e]" started-at="2023-12-06T15:18:59 EET" name="checkCurunty" finished-at="2023-12-06T15:18:59 EET" duration-ms="53" status="PASS">
          <reporter-output>
          </reporter-output>
        </test-method> <!-- checkCurunty -->
        <test-method is-config="true" signature="closeWebsite()[pri:0, instance:almosaferProject1.mosaferPro@f0e995e]" started-at="2023-12-06T15:18:59 EET" name="closeWebsite" finished-at="2023-12-06T15:18:59 EET" duration-ms="0" status="PASS">
          <reporter-output>
          </reporter-output>
        </test-method> <!-- closeWebsite -->
      </class> <!-- almosaferProject1.mosaferPro -->
    </test> <!-- Default test -->
  </suite> <!-- Default suite -->
</testng-results>
